Build started 11/30/2015 11:44:16 AM.
     1>Project "C:\Users\Joshua\Documents\GitHub\kinect_physical_therapy\PT@Home\PT@Home.vcxproj" on node 2 (Build target(s)).
     1>ClCompile:
         C:\Program Files (x86)\Microsoft Visual Studio 14.0\VC\bin\CL.exe /c /ZI /nologo /W1 /WX- /Od /Oy- /D WIN32 /D _DEBUG /D _WINDOWS /D _UNICODE /D UNICODE /Gm /EHsc /RTC1 /MDd /GS /fp:precise /Zc:wchar_t /Zc:forScope /Zc:inline /Fo"Debug\\" /Fd"Debug\vc140.pdb" /Gd /TP /analyze- /errorReport:prompt /mfc "..\PT@Home\Button.cpp" "..\PT@Home\Display.cpp" "..\PT@Home\Movement.cpp" "..\PT@Home\QuatFrame.cpp" "..\PT@Home\main.cpp"
     1>cl : Command line warning D9002: ignoring unknown option '/mfc'
         main.cpp
         Movement.cpp
         Display.cpp
         Button.cpp
         Generating Code...
     1>c:\users\joshua\documents\github\kinect_physical_therapy\pt@home\display.cpp(350): warning C4700: uninitialized local variable 'j' used
         Compiling...
         QuatFrame.cpp
         Generating Code...
       ResourceCompile:
         C:\Program Files (x86)\Windows Kits\8.1\bin\x86\rc.exe /D _UNICODE /D UNICODE /l"0x0409" /nologo /fo"Debug\BodyBasics.res" BodyBasics.rc 
       Link:
         C:\Program Files (x86)\Microsoft Visual Studio 14.0\VC\bin\link.exe /ERRORREPORT:PROMPT /OUT:"C:\Users\Joshua\Documents\GitHub\kinect_physical_therapy\PT@Home\Debug\PT@Home.exe" /INCREMENTAL /NOLOGO Irrlicht.lib SDL2.lib SDL2main.lib kinect20.lib kernel32.lib user32.lib gdi32.lib winspool.lib comdlg32.lib advapi32.lib shell32.lib ole32.lib oleaut32.lib uuid.lib odbc32.lib odbccp32.lib kernel32.lib user32.lib gdi32.lib winspool.lib comdlg32.lib advapi32.lib shell32.lib ole32.lib oleaut32.lib uuid.lib odbc32.lib odbccp32.lib /MANIFEST /MANIFESTUAC:"level='asInvoker' uiAccess='false'" /manifest:embed /Debug /PDB:"C:\Users\Joshua\Documents\GitHub\kinect_physical_therapy\PT@Home\Debug\PT@Home.pdb" /SUBSYSTEM:WINDOWS /TLBID:1 /DYNAMICBASE /NXCOMPAT /IMPLIB:"C:\Users\Joshua\Documents\GitHub\kinect_physical_therapy\PT@Home\Debug\PT@Home.lib" /MACHINE:X86 Debug\BodyBasics.res
         Debug\BodyFrame.obj
         Debug\Button.obj
         Debug\Display.obj
         Debug\DisplayBase.obj
         Debug\DisplayMain.obj
         Debug\FileReader.obj
         Debug\FileWriter.obj
         Debug\Joint.obj
         Debug\main.obj
         Debug\Movement.obj
         Debug\QuatFrame.obj
         PT@Home.vcxproj -> C:\Users\Joshua\Documents\GitHub\kinect_physical_therapy\PT@Home\Debug\PT@Home.exe
     1>Done Building Project "C:\Users\Joshua\Documents\GitHub\kinect_physical_therapy\PT@Home\PT@Home.vcxproj" (Build target(s)).

Build succeeded.

Time Elapsed 00:00:10.79
