c:\users\joshua\documents\github\kinect_physical_therapy\pt@home\pt@home\debug\vc140.pdb
c:\users\joshua\documents\github\kinect_physical_therapy\pt@home\pt@home\debug\vc140.idb
c:\users\joshua\documents\github\kinect_physical_therapy\pt@home\pt@home\debug\bodyframe.obj
c:\users\joshua\documents\github\kinect_physical_therapy\pt@home\pt@home\debug\button.obj
c:\users\joshua\documents\github\kinect_physical_therapy\pt@home\pt@home\debug\controller.obj
c:\users\joshua\documents\github\kinect_physical_therapy\pt@home\pt@home\debug\display.obj
c:\users\joshua\documents\github\kinect_physical_therapy\pt@home\pt@home\debug\displayaction.obj
c:\users\joshua\documents\github\kinect_physical_therapy\pt@home\pt@home\debug\displaybase.obj
c:\users\joshua\documents\github\kinect_physical_therapy\pt@home\pt@home\debug\displaymain.obj
c:\users\joshua\documents\github\kinect_physical_therapy\pt@home\pt@home\debug\displaypatientmenu.obj
c:\users\joshua\documents\github\kinect_physical_therapy\pt@home\pt@home\debug\displayphysicianmenu.obj
c:\users\joshua\documents\github\kinect_physical_therapy\pt@home\pt@home\debug\filereader.obj
c:\users\joshua\documents\github\kinect_physical_therapy\pt@home\pt@home\debug\filewriter.obj
c:\users\joshua\documents\github\kinect_physical_therapy\pt@home\pt@home\debug\joint.obj
c:\users\joshua\documents\github\kinect_physical_therapy\pt@home\pt@home\debug\main.obj
c:\users\joshua\documents\github\kinect_physical_therapy\pt@home\pt@home\debug\movement.obj
c:\users\joshua\documents\github\kinect_physical_therapy\pt@home\pt@home\debug\quatframe.obj
c:\users\joshua\documents\github\kinect_physical_therapy\pt@home\debug\pt@home.ilk
c:\users\joshua\documents\github\kinect_physical_therapy\pt@home\debug\pt@home.exe
c:\users\joshua\documents\github\kinect_physical_therapy\pt@home\debug\pt@home.pdb
c:\users\joshua\documents\github\kinect_physical_therapy\pt@home\pt@home\debug\pt@home.tlog\cl.command.1.tlog
c:\users\joshua\documents\github\kinect_physical_therapy\pt@home\pt@home\debug\pt@home.tlog\cl.read.1.tlog
c:\users\joshua\documents\github\kinect_physical_therapy\pt@home\pt@home\debug\pt@home.tlog\cl.write.1.tlog
c:\users\joshua\documents\github\kinect_physical_therapy\pt@home\pt@home\debug\pt@home.tlog\link.command.1.tlog
c:\users\joshua\documents\github\kinect_physical_therapy\pt@home\pt@home\debug\pt@home.tlog\link.read.1.tlog
c:\users\joshua\documents\github\kinect_physical_therapy\pt@home\pt@home\debug\pt@home.tlog\link.write.1.tlog
