Build started 12/1/2015 6:02:41 PM.
     1>Project "C:\Users\Joshua\Documents\GitHub\kinect_physical_therapy\PT@Home\PT@Home\PT@Home.vcxproj" on node 2 (Build target(s)).
     1>ClCompile:
         C:\Program Files (x86)\Microsoft Visual Studio 14.0\VC\bin\CL.exe /c /I"C:\Users\Joshua\Desktop\irrlicht-1.8.3\include" /I"C:\Users\Joshua\Desktop\SDL2-2.0.3\include" /I"C:\Program Files\Microsoft SDKs\Kinect\v2.0_1409\inc" /ZI /nologo /W3 /WX- /sdl /Od /Oy- /D _MBCS /Gm /EHsc /RTC1 /MDd /GS /fp:precise /Zc:wchar_t /Zc:forScope /Zc:inline /Fo"Debug\\" /Fd"Debug\vc140.pdb" /Gd /TP /analyze- /errorReport:prompt "..\..\PT@Home\BodyFrame.cpp" "..\..\PT@Home\DisplayMain.cpp"
         DisplayMain.cpp
         BodyFrame.cpp
         Generating Code...
       Link:
         C:\Program Files (x86)\Microsoft Visual Studio 14.0\VC\bin\link.exe /ERRORREPORT:PROMPT /OUT:"C:\Users\Joshua\Documents\GitHub\kinect_physical_therapy\PT@Home\Debug\PT@Home.exe" /INCREMENTAL /NOLOGO /LIBPATH:"C:\Users\Joshua\Desktop\SDL2-2.0.3\lib\x86" /LIBPATH:"C:\Users\Joshua\Desktop\irrlicht-1.8.3\lib\Win32-visualstudio" /LIBPATH:"C:\Program Files\Microsoft SDKs\Kinect\v2.0_1409\Lib\x86" Kinect20.lib SDL2.lib SDL2main.lib kernel32.lib user32.lib gdi32.lib winspool.lib comdlg32.lib advapi32.lib shell32.lib ole32.lib oleaut32.lib uuid.lib odbc32.lib odbccp32.lib /MANIFEST /MANIFESTUAC:"level='asInvoker' uiAccess='false'" /manifest:embed /Debug /PDB:"C:\Users\Joshua\Documents\GitHub\kinect_physical_therapy\PT@Home\Debug\PT@Home.pdb" /TLBID:1 /DYNAMICBASE /NXCOMPAT /IMPLIB:"C:\Users\Joshua\Documents\GitHub\kinect_physical_therapy\PT@Home\Debug\PT@Home.lib" /MACHINE:X86 Debug\BodyFrame.obj
         Debug\Button.obj
         Debug\Controller.obj
         Debug\Display.obj
         Debug\DisplayAction.obj
         Debug\DisplayBase.obj
         Debug\DisplayMain.obj
         Debug\DisplayPatientMenu.obj
         Debug\DisplayPhysicianMenu.obj
         Debug\FileReader.obj
         Debug\FileWriter.obj
         Debug\Joint.obj
         Debug\main.obj
         Debug\Movement.obj
         Debug\QuatFrame.obj
         PT@Home.vcxproj -> C:\Users\Joshua\Documents\GitHub\kinect_physical_therapy\PT@Home\Debug\PT@Home.exe
     1>Done Building Project "C:\Users\Joshua\Documents\GitHub\kinect_physical_therapy\PT@Home\PT@Home\PT@Home.vcxproj" (Build target(s)).

Build succeeded.

Time Elapsed 00:00:06.07
